{"/Users/praveenrajsrivastav/Desktop/React/React/src/components/Header.js": {"path":"/Users/praveenrajsrivastav/Desktop/React/React/src/components/Header.js","statementMap":{"0":{"start":{"line":9,"column":15},"end":{"line":41,"column":1}},"1":{"start":{"line":11,"column":30},"end":{"line":11,"column":47}},"2":{"start":{"line":12,"column":25},"end":{"line":12,"column":42}},"3":{"start":{"line":13,"column":19},"end":{"line":13,"column":42}},"4":{"start":{"line":15,"column":22},"end":{"line":15,"column":60}},"5":{"start":{"line":15,"column":43},"end":{"line":15,"column":59}},"6":{"start":{"line":18,"column":4},"end":{"line":40,"column":11}},"7":{"start":{"line":32,"column":20},"end":{"line":32,"column":70}}},"fnMap":{"0":{"name":"(anonymous_0)","decl":{"start":{"line":9,"column":15},"end":{"line":9,"column":16}},"loc":{"start":{"line":9,"column":19},"end":{"line":41,"column":1}},"line":9},"1":{"name":"(anonymous_1)","decl":{"start":{"line":15,"column":34},"end":{"line":15,"column":35}},"loc":{"start":{"line":15,"column":43},"end":{"line":15,"column":59}},"line":15},"2":{"name":"(anonymous_2)","decl":{"start":{"line":31,"column":55},"end":{"line":31,"column":56}},"loc":{"start":{"line":31,"column":59},"end":{"line":33,"column":17}},"line":31}},"branchMap":{"0":{"loc":{"start":{"line":24,"column":54},"end":{"line":24,"column":76}},"type":"cond-expr","locations":[{"start":{"line":24,"column":67},"end":{"line":24,"column":71}},{"start":{"line":24,"column":72},"end":{"line":24,"column":76}}],"line":24},"1":{"loc":{"start":{"line":32,"column":20},"end":{"line":32,"column":69}},"type":"cond-expr","locations":[{"start":{"line":32,"column":37},"end":{"line":32,"column":53}},{"start":{"line":32,"column":54},"end":{"line":32,"column":69}}],"line":32}},"s":{"0":1,"1":0,"2":0,"3":0,"4":0,"5":0,"6":0,"7":0},"f":{"0":0,"1":0,"2":0},"b":{"0":[0,0],"1":[0,0]},"_coverageSchema":"1a1c01bbd47fc00a2c39e90264f33305004495a9","hash":"d763a82871cfdf537bc3c10d7591cd4f26dbc417"}
,"/Users/praveenrajsrivastav/Desktop/React/React/src/components/sum.js": {"path":"/Users/praveenrajsrivastav/Desktop/React/React/src/components/sum.js","statementMap":{"0":{"start":{"line":1,"column":20},"end":{"line":1,"column":35}},"1":{"start":{"line":1,"column":30},"end":{"line":1,"column":35}}},"fnMap":{"0":{"name":"(anonymous_0)","decl":{"start":{"line":1,"column":20},"end":{"line":1,"column":21}},"loc":{"start":{"line":1,"column":30},"end":{"line":1,"column":35}},"line":1}},"branchMap":{},"s":{"0":1,"1":1},"f":{"0":1},"b":{},"_coverageSchema":"1a1c01bbd47fc00a2c39e90264f33305004495a9","hash":"8bd5aedcf9de77892b2c0760cb8f944e65df0616"}
,"/Users/praveenrajsrivastav/Desktop/React/React/src/utils/UserContext.js": {"path":"/Users/praveenrajsrivastav/Desktop/React/React/src/utils/UserContext.js","statementMap":{"0":{"start":{"line":4,"column":20},"end":{"line":10,"column":3}}},"fnMap":{},"branchMap":{},"s":{"0":1},"f":{},"b":{},"_coverageSchema":"1a1c01bbd47fc00a2c39e90264f33305004495a9","hash":"073aaa136934a4b4cce64749b9caab2ce2084f92"}
,"/Users/praveenrajsrivastav/Desktop/React/React/src/utils/constants.js": {"path":"/Users/praveenrajsrivastav/Desktop/React/React/src/utils/constants.js","statementMap":{"0":{"start":{"line":1,"column":21},"end":{"line":1,"column":104}},"1":{"start":{"line":2,"column":22},"end":{"line":2,"column":116}}},"fnMap":{},"branchMap":{},"s":{"0":1,"1":1},"f":{},"b":{},"_coverageSchema":"1a1c01bbd47fc00a2c39e90264f33305004495a9","hash":"138a2a1b3b936bce7a1e87f77575308226a79d57"}
,"/Users/praveenrajsrivastav/Desktop/React/React/src/utils/useOnlineStatus.js": {"path":"/Users/praveenrajsrivastav/Desktop/React/React/src/utils/useOnlineStatus.js","statementMap":{"0":{"start":{"line":2,"column":24},"end":{"line":15,"column":1}},"1":{"start":{"line":3,"column":44},"end":{"line":3,"column":58}},"2":{"start":{"line":5,"column":4},"end":{"line":12,"column":11}},"3":{"start":{"line":6,"column":8},"end":{"line":8,"column":11}},"4":{"start":{"line":7,"column":12},"end":{"line":7,"column":35}},"5":{"start":{"line":9,"column":8},"end":{"line":11,"column":11}},"6":{"start":{"line":10,"column":12},"end":{"line":10,"column":34}},"7":{"start":{"line":14,"column":4},"end":{"line":14,"column":24}}},"fnMap":{"0":{"name":"(anonymous_0)","decl":{"start":{"line":2,"column":24},"end":{"line":2,"column":25}},"loc":{"start":{"line":2,"column":30},"end":{"line":15,"column":1}},"line":2},"1":{"name":"(anonymous_1)","decl":{"start":{"line":5,"column":14},"end":{"line":5,"column":15}},"loc":{"start":{"line":5,"column":20},"end":{"line":12,"column":5}},"line":5},"2":{"name":"(anonymous_2)","decl":{"start":{"line":6,"column":43},"end":{"line":6,"column":44}},"loc":{"start":{"line":6,"column":49},"end":{"line":8,"column":9}},"line":6},"3":{"name":"(anonymous_3)","decl":{"start":{"line":9,"column":42},"end":{"line":9,"column":43}},"loc":{"start":{"line":9,"column":48},"end":{"line":11,"column":9}},"line":9}},"branchMap":{},"s":{"0":1,"1":0,"2":0,"3":0,"4":0,"5":0,"6":0,"7":0},"f":{"0":0,"1":0,"2":0,"3":0},"b":{},"_coverageSchema":"1a1c01bbd47fc00a2c39e90264f33305004495a9","hash":"0e436682875bdfb4d9ad2a4c4bebbb2793f1f1f1"}
}
